01 Feb 17:09:35 CONFIG [geoserver.logging] - Log4j 2 configuration set to DEFAULT_LOGGING.xml
01 Feb 17:09:37 WARN   [geoserver.monitor] - monitoring storage memory not found, falling back to 'memory'
01 Feb 17:09:38 CONFIG [org.geoserver] - GeoServer configuration lock is enabled
01 Feb 17:09:38 CONFIG [org.geoserver] - Loading catalog /opt/geoserver/data_dir
01 Feb 17:09:38 WARN   [org.geoserver] - No 'workspaces' directory found, unable to load any stores.
01 Feb 17:09:38 CONFIG [org.geoserver] - Read catalog in 5.131 ms
01 Feb 17:09:38 CONFIG [org.geoserver] - Loaded service 'WPSInfoImpl-710a9d6a:1860df4957e:-7ffb', enabled
01 Feb 17:09:38 CONFIG [org.geoserver] - Loaded service 'csw', enabled
01 Feb 17:09:38 CONFIG [org.geoserver] - Loaded service 'WMSInfoImpl-710a9d6a:1860df4957e:-7ffa', enabled
01 Feb 17:09:38 CONFIG [org.geoserver] - Loaded service 'WCSInfoImpl-710a9d6a:1860df4957e:-7ff9', enabled
01 Feb 17:09:38 CONFIG [org.geoserver] - Loaded service 'WMTSInfoImpl-710a9d6a:1860df4957e:-7ff8', enabled
01 Feb 17:09:38 CONFIG [org.geoserver] - Loaded service 'WFSInfoImpl-710a9d6a:1860df4957e:-7ff7', enabled
01 Feb 17:09:38 CONFIG [gwc.config] - Will look for 'geowebcache.xml' in directory '/opt/geoserver/data_dir/gwc'.
01 Feb 17:09:38 CONFIG [gwc.config] - Create configuration file '/opt/geoserver/data_dir/gwc/geowebcache.xml' from template jar:file:/usr/local/tomcat/webapps/geoserver/WEB-INF/lib/gwc-core-1.22.0.jar!/geowebcache_empty.xml
01 Feb 17:09:38 WARN   [config.XMLConfiguration] - GWC configuration validation error: cvc-elt.1.a: Cannot find the declaration of element 'gwcConfiguration'.
01 Feb 17:09:38 WARN   [config.XMLConfiguration] - Will try to use configuration anyway. Please check the order of declared elements against the schema.
01 Feb 17:09:38 CONFIG [config.XMLConfiguration] - Initializing GridSets from /opt/geoserver/data_dir/gwc
01 Feb 17:09:38 CONFIG [config.XMLConfiguration] - Initializing layers from /opt/geoserver/data_dir/gwc
01 Feb 17:09:39 CONFIG [gwc.layer] - Initializing GWC configuration based on GeoServer's Catalog
01 Feb 17:09:39 CONFIG [gwc.layer] - GeoServer TileLayer store base directory is: gwc-layers
01 Feb 17:09:39 CONFIG [gwc.layer] - Loading tile layers from gwc-layers
01 Feb 17:09:39 CONFIG [gwc.layer] - Loaded 0 tile layers in 3.090 ms
01 Feb 17:09:39 CONFIG [storage.BlobStoreAggregator] - BlobStoreConfiguration /opt/geoserver/data_dir/gwc contained no blob store infos.
01 Feb 17:09:39 CONFIG [storage.DefaultStorageFinder] - Found system environment variableGEOWEBCACHE_CACHE_DIR set to /opt/geoserver/data_dir/gwc, using it as the default prefix.
01 Feb 17:09:39 CONFIG [gwc.config] - Initializing GeoServer specific GWC configuration from gwc-gs.xml
01 Feb 17:09:39 INFO   [geoserver.monitor] - Monitor extension enabled
01 Feb 17:09:40 INFO   [flow.config] - Loaded control-flow rule: ows.global=100
01 Feb 17:09:40 INFO   [flow.config] - Loaded control-flow rule: ows.wms.getmap=10
01 Feb 17:09:40 INFO   [flow.config] - Loaded control-flow rule: ows.wfs.getfeature.application/msexcel=4
01 Feb 17:09:40 INFO   [flow.config] - Loaded control-flow rule: user=6
01 Feb 17:09:40 INFO   [flow.config] - Loaded control-flow rule: ows.gwc=16
01 Feb 17:09:40 INFO   [flow.config] - Loaded control-flow rule: user.ows.wps.execute=1000/d;30s
01 Feb 17:09:40 CONFIG [geoserver.flow] - Control-flow active with 6 flow controllers
01 Feb 17:09:41 CONFIG [geoserver.wps] - Found 5 bindable processes in GeoServer specific processes
01 Feb 17:09:41 CONFIG [geoserver.wps] - Found 89 bindable processes in Deprecated processes
01 Feb 17:09:41 CONFIG [geoserver.wps] - Blacklisting process ras:ConvolveCoverage as the input kernel of type class javax.media.jai.KernelJAI cannot be handled
01 Feb 17:09:41 CONFIG [geoserver.wps] - Blacklisting process ras:RasterZonalStatistics2 as the input zones of type class java.lang.Object cannot be handled
01 Feb 17:09:41 CONFIG [geoserver.wps] - Blacklisting process ras:RasterZonalStatistics2 as the input nodata of type class it.geosolutions.jaiext.range.Range cannot be handled
01 Feb 17:09:41 CONFIG [geoserver.wps] - Blacklisting process ras:RasterZonalStatistics2 as the input rangeData of type class java.lang.Object cannot be handled
01 Feb 17:09:41 CONFIG [geoserver.wps] - Blacklisting process ras:RasterZonalStatistics2 as the output zonal statistics of type interface java.util.List cannot be handled
01 Feb 17:09:41 CONFIG [geoserver.wps] - Found 18 bindable processes in Raster processes
01 Feb 17:09:41 CONFIG [geoserver.wps] - Found 48 bindable processes in Geometry processes
01 Feb 17:09:41 CONFIG [geoserver.wps] - Found 1 bindable processes in PolygonLabelProcess
01 Feb 17:09:41 CONFIG [geoserver.wps] - Found 1 bindable processes in geo
01 Feb 17:09:41 CONFIG [geoserver.wps] - Found 1 bindable processes in geo
01 Feb 17:09:41 CONFIG [geoserver.wps] - Blacklisting process vec:GroupCandidateSelection as the input groupingAttributes of type class java.lang.Object cannot be handled
01 Feb 17:09:41 CONFIG [geoserver.wps] - Found 31 bindable processes in Vector processes
01 Feb 17:09:46 WARN   [gce.imagemosaic] - Unable to set ordering between tiff readers spi
01 Feb 17:09:47 WARN   [turbojpeg.TurboJPEGMapResponse] - The turbo jpeg encoder is available for usage
01 Feb 17:09:47 CONFIG [gwc.config] - Will look for 'geowebcache-diskquota.xml' in directory '/opt/geoserver/data_dir/gwc'.
01 Feb 17:09:47 CONFIG [gwc.config] - Will look for 'geowebcache-diskquota-jdbc.xml' in directory '/opt/geoserver/data_dir/gwc'.
01 Feb 17:09:47 CONFIG [diskquota.ConfigLoader] - Quota config is: /opt/geoserver/data_dir/gwc/geowebcache-diskquota.xml
01 Feb 17:09:47 CONFIG [diskquota.ConfigLoader] - Quota config is: /opt/geoserver/data_dir/gwc/geowebcache-diskquota.xml
01 Feb 17:09:47 CONFIG [diskquota.DiskQuotaMonitor] - Setting up disk quota periodic enforcement task
01 Feb 17:09:47 CONFIG [diskquota.DiskQuotaMonitor] - 0 layers configured with their own quotas. 
01 Feb 17:09:47 CONFIG [diskquota.DiskQuotaMonitor] - 0 layers attached to global quota 20.0 GB
01 Feb 17:09:47 CONFIG [diskquota.DiskQuotaMonitor] - Disk quota periodic enforcement task set up every 5 SECONDS
01 Feb 17:09:48 CONFIG [geowebcache.GeoWebCacheDispatcher] - Invoked setServletPrefix(gwc)
01 Feb 17:09:48 CONFIG [wms.WMSService] - Will NOT recombine tiles for non-tiling clients.
01 Feb 17:09:48 CONFIG [wms.WMSService] - Will proxy requests to backend that are not getmap or getcapabilities.
01 Feb 17:09:50 CONFIG [geoserver.security] - AuthenticationCache Initialized with 1000 Max Entries, 300 seconds idle time, 600 seconds time to live and 3 concurrency level
01 Feb 17:09:50 CONFIG [geoserver.security] - AuthenticationCache Eviction Task created to run every 600 seconds
01 Feb 17:09:50 CONFIG [geoserver.security] - Start reloading user/groups for service named default
01 Feb 17:09:50 CONFIG [geoserver.security] - Reloading user/groups successful for service named default
01 Feb 17:09:51 INFO   [config.XMLConfiguration] - Wrote configuration to /opt/geoserver/data_dir/gwc
